[0.462s] Invoking command in '/home/pedromatumoto/ros2_ws/src/motor_controller': PYTHONPATH=/home/pedromatumoto/ros2_ws/build/motor_controller/prefix_override:/usr/lib/python3/dist-packages/colcon_core/task/python/colcon_distutils_commands:/home/pedromatumoto/ros2_ws/install/motor_controller/lib/python3.10/site-packages:${PYTHONPATH} /usr/bin/python3 -W ignore:setup.py install is deprecated -W ignore:easy_install command is deprecated setup.py egg_info --egg-base ../../build/motor_controller build --build-base /home/pedromatumoto/ros2_ws/build/motor_controller/build install --record /home/pedromatumoto/ros2_ws/build/motor_controller/install.log --single-version-externally-managed install_data
[0.652s] running egg_info
[0.652s] writing ../../build/motor_controller/motor_controller.egg-info/PKG-INFO
[0.653s] writing dependency_links to ../../build/motor_controller/motor_controller.egg-info/dependency_links.txt
[0.653s] writing entry points to ../../build/motor_controller/motor_controller.egg-info/entry_points.txt
[0.653s] writing requirements to ../../build/motor_controller/motor_controller.egg-info/requires.txt
[0.653s] writing top-level names to ../../build/motor_controller/motor_controller.egg-info/top_level.txt
[0.654s] reading manifest file '../../build/motor_controller/motor_controller.egg-info/SOURCES.txt'
[0.655s] writing manifest file '../../build/motor_controller/motor_controller.egg-info/SOURCES.txt'
[0.655s] running build
[0.655s] running build_py
[0.655s] copying motor_controller/motor_controller.py -> /home/pedromatumoto/ros2_ws/build/motor_controller/build/lib/motor_controller
[0.655s] running install
[0.656s] running install_lib
[0.656s] copying /home/pedromatumoto/ros2_ws/build/motor_controller/build/lib/motor_controller/motor_controller.py -> /home/pedromatumoto/ros2_ws/install/motor_controller/lib/python3.10/site-packages/motor_controller
[0.656s] byte-compiling /home/pedromatumoto/ros2_ws/install/motor_controller/lib/python3.10/site-packages/motor_controller/motor_controller.py to motor_controller.cpython-310.pyc
[0.657s] running install_data
[0.657s] running install_egg_info
[0.658s] removing '/home/pedromatumoto/ros2_ws/install/motor_controller/lib/python3.10/site-packages/motor_controller-0.0.0-py3.10.egg-info' (and everything under it)
[0.659s] Copying ../../build/motor_controller/motor_controller.egg-info to /home/pedromatumoto/ros2_ws/install/motor_controller/lib/python3.10/site-packages/motor_controller-0.0.0-py3.10.egg-info
[0.659s] running install_scripts
[0.676s] Installing motor_controller script to /home/pedromatumoto/ros2_ws/install/motor_controller/lib/motor_controller
[0.676s] writing list of installed files to '/home/pedromatumoto/ros2_ws/build/motor_controller/install.log'
[0.695s] Invoked command in '/home/pedromatumoto/ros2_ws/src/motor_controller' returned '0': PYTHONPATH=/home/pedromatumoto/ros2_ws/build/motor_controller/prefix_override:/usr/lib/python3/dist-packages/colcon_core/task/python/colcon_distutils_commands:/home/pedromatumoto/ros2_ws/install/motor_controller/lib/python3.10/site-packages:${PYTHONPATH} /usr/bin/python3 -W ignore:setup.py install is deprecated -W ignore:easy_install command is deprecated setup.py egg_info --egg-base ../../build/motor_controller build --build-base /home/pedromatumoto/ros2_ws/build/motor_controller/build install --record /home/pedromatumoto/ros2_ws/build/motor_controller/install.log --single-version-externally-managed install_data
