[0.162s] DEBUG:colcon:Command line arguments: ['/usr/bin/colcon', 'list', '-p', '--base-paths', '/home/pedromatumoto/athome/ros2_ws']
[0.162s] DEBUG:colcon:Parsed command line arguments: Namespace(log_base=None, log_level=None, verb_name='list', build_base='build', ignore_user_meta=False, metas=['./colcon.meta'], base_paths=['/home/pedromatumoto/athome/ros2_ws'], packages_ignore=None, packages_ignore_regex=None, paths=None, packages_up_to=None, packages_up_to_regex=None, packages_above=None, packages_above_and_dependencies=None, packages_above_depth=None, packages_select_by_dep=None, packages_skip_by_dep=None, packages_skip_up_to=None, packages_select_build_failed=False, packages_skip_build_finished=False, packages_select_test_failures=False, packages_skip_test_passed=False, packages_select=None, packages_skip=None, packages_select_regex=None, packages_skip_regex=None, packages_start=None, packages_end=None, allow_overriding=[], topological_order=False, names_only=False, paths_only=True, topological_graph=False, topological_graph_dot=False, topological_graph_density=False, topological_graph_legend=False, topological_graph_dot_cluster=False, topological_graph_dot_include_skipped=False, verb_parser=<colcon_defaults.argument_parser.defaults.DefaultArgumentsDecorator object at 0x76c509b58b50>, verb_extension=<colcon_package_information.verb.list.ListVerb object at 0x76c509b27be0>, main=<bound method ListVerb.main of <colcon_package_information.verb.list.ListVerb object at 0x76c509b27be0>>)
[0.521s] Level 1:colcon.colcon_core.package_discovery:discover_packages(colcon_meta) check parameters
[0.521s] Level 1:colcon.colcon_core.package_discovery:discover_packages(recursive) check parameters
[0.521s] Level 1:colcon.colcon_core.package_discovery:discover_packages(ignore) check parameters
[0.521s] Level 1:colcon.colcon_core.package_discovery:discover_packages(path) check parameters
[0.521s] Level 1:colcon.colcon_core.package_discovery:discover_packages(recursive) discover
[0.521s] INFO:colcon.colcon_core.package_discovery:Crawling recursively for packages in '/home/pedromatumoto/athome/ros2_ws'
[0.521s] Level 1:colcon.colcon_core.package_identification:_identify(/home/pedromatumoto/athome/ros2_ws) by extensions ['ignore', 'ignore_ament_install']
[0.522s] Level 1:colcon.colcon_core.package_identification:_identify(/home/pedromatumoto/athome/ros2_ws) by extension 'ignore'
[0.522s] Level 1:colcon.colcon_core.package_identification:_identify(/home/pedromatumoto/athome/ros2_ws) by extension 'ignore_ament_install'
[0.522s] Level 1:colcon.colcon_core.package_identification:_identify(/home/pedromatumoto/athome/ros2_ws) by extensions ['colcon_pkg']
[0.522s] Level 1:colcon.colcon_core.package_identification:_identify(/home/pedromatumoto/athome/ros2_ws) by extension 'colcon_pkg'
[0.522s] Level 1:colcon.colcon_core.package_identification:_identify(/home/pedromatumoto/athome/ros2_ws) by extensions ['colcon_meta']
[0.522s] Level 1:colcon.colcon_core.package_identification:_identify(/home/pedromatumoto/athome/ros2_ws) by extension 'colcon_meta'
[0.522s] Level 1:colcon.colcon_core.package_identification:_identify(/home/pedromatumoto/athome/ros2_ws) by extensions ['ros']
[0.523s] Level 1:colcon.colcon_core.package_identification:_identify(/home/pedromatumoto/athome/ros2_ws) by extension 'ros'
[0.548s] Level 1:colcon.colcon_core.package_identification:_identify(/home/pedromatumoto/athome/ros2_ws) by extensions ['cmake', 'python']
[0.548s] Level 1:colcon.colcon_core.package_identification:_identify(/home/pedromatumoto/athome/ros2_ws) by extension 'cmake'
[0.548s] Level 1:colcon.colcon_core.package_identification:_identify(/home/pedromatumoto/athome/ros2_ws) by extension 'python'
[0.548s] Level 1:colcon.colcon_core.package_identification:_identify(/home/pedromatumoto/athome/ros2_ws) by extensions ['python_setup_py']
[0.548s] Level 1:colcon.colcon_core.package_identification:_identify(/home/pedromatumoto/athome/ros2_ws) by extension 'python_setup_py'
[0.548s] Level 1:colcon.colcon_core.package_identification:_identify(/home/pedromatumoto/athome/ros2_ws/build) by extensions ['ignore', 'ignore_ament_install']
[0.549s] Level 1:colcon.colcon_core.package_identification:_identify(/home/pedromatumoto/athome/ros2_ws/build) by extension 'ignore'
[0.549s] Level 1:colcon.colcon_core.package_identification:_identify(/home/pedromatumoto/athome/ros2_ws/build) ignored
[0.549s] Level 1:colcon.colcon_core.package_identification:_identify(/home/pedromatumoto/athome/ros2_ws/install) by extensions ['ignore', 'ignore_ament_install']
[0.550s] Level 1:colcon.colcon_core.package_identification:_identify(/home/pedromatumoto/athome/ros2_ws/install) by extension 'ignore'
[0.550s] Level 1:colcon.colcon_core.package_identification:_identify(/home/pedromatumoto/athome/ros2_ws/install) ignored
[0.550s] Level 1:colcon.colcon_core.package_identification:_identify(/home/pedromatumoto/athome/ros2_ws/log) by extensions ['ignore', 'ignore_ament_install']
[0.550s] Level 1:colcon.colcon_core.package_identification:_identify(/home/pedromatumoto/athome/ros2_ws/log) by extension 'ignore'
[0.550s] Level 1:colcon.colcon_core.package_identification:_identify(/home/pedromatumoto/athome/ros2_ws/log) ignored
[0.551s] Level 1:colcon.colcon_core.package_identification:_identify(/home/pedromatumoto/athome/ros2_ws/src) by extensions ['ignore', 'ignore_ament_install']
[0.551s] Level 1:colcon.colcon_core.package_identification:_identify(/home/pedromatumoto/athome/ros2_ws/src) by extension 'ignore'
[0.551s] Level 1:colcon.colcon_core.package_identification:_identify(/home/pedromatumoto/athome/ros2_ws/src) by extension 'ignore_ament_install'
[0.551s] Level 1:colcon.colcon_core.package_identification:_identify(/home/pedromatumoto/athome/ros2_ws/src) by extensions ['colcon_pkg']
[0.551s] Level 1:colcon.colcon_core.package_identification:_identify(/home/pedromatumoto/athome/ros2_ws/src) by extension 'colcon_pkg'
[0.551s] Level 1:colcon.colcon_core.package_identification:_identify(/home/pedromatumoto/athome/ros2_ws/src) by extensions ['colcon_meta']
[0.551s] Level 1:colcon.colcon_core.package_identification:_identify(/home/pedromatumoto/athome/ros2_ws/src) by extension 'colcon_meta'
[0.551s] Level 1:colcon.colcon_core.package_identification:_identify(/home/pedromatumoto/athome/ros2_ws/src) by extensions ['ros']
[0.552s] Level 1:colcon.colcon_core.package_identification:_identify(/home/pedromatumoto/athome/ros2_ws/src) by extension 'ros'
[0.552s] Level 1:colcon.colcon_core.package_identification:_identify(/home/pedromatumoto/athome/ros2_ws/src) by extensions ['cmake', 'python']
[0.552s] Level 1:colcon.colcon_core.package_identification:_identify(/home/pedromatumoto/athome/ros2_ws/src) by extension 'cmake'
[0.552s] Level 1:colcon.colcon_core.package_identification:_identify(/home/pedromatumoto/athome/ros2_ws/src) by extension 'python'
[0.552s] Level 1:colcon.colcon_core.package_identification:_identify(/home/pedromatumoto/athome/ros2_ws/src) by extensions ['python_setup_py']
[0.552s] Level 1:colcon.colcon_core.package_identification:_identify(/home/pedromatumoto/athome/ros2_ws/src) by extension 'python_setup_py'
[0.552s] Level 1:colcon.colcon_core.package_identification:_identify(/home/pedromatumoto/athome/ros2_ws/src/build) by extensions ['ignore', 'ignore_ament_install']
[0.553s] Level 1:colcon.colcon_core.package_identification:_identify(/home/pedromatumoto/athome/ros2_ws/src/build) by extension 'ignore'
[0.553s] Level 1:colcon.colcon_core.package_identification:_identify(/home/pedromatumoto/athome/ros2_ws/src/build) ignored
[0.553s] Level 1:colcon.colcon_core.package_identification:_identify(/home/pedromatumoto/athome/ros2_ws/src/install) by extensions ['ignore', 'ignore_ament_install']
[0.553s] Level 1:colcon.colcon_core.package_identification:_identify(/home/pedromatumoto/athome/ros2_ws/src/install) by extension 'ignore'
[0.553s] Level 1:colcon.colcon_core.package_identification:_identify(/home/pedromatumoto/athome/ros2_ws/src/install) ignored
[0.553s] Level 1:colcon.colcon_core.package_identification:_identify(/home/pedromatumoto/athome/ros2_ws/src/log) by extensions ['ignore', 'ignore_ament_install']
[0.554s] Level 1:colcon.colcon_core.package_identification:_identify(/home/pedromatumoto/athome/ros2_ws/src/log) by extension 'ignore'
[0.554s] Level 1:colcon.colcon_core.package_identification:_identify(/home/pedromatumoto/athome/ros2_ws/src/log) ignored
[0.554s] Level 1:colcon.colcon_core.package_identification:_identify(/home/pedromatumoto/athome/ros2_ws/src/motor_controller) by extensions ['ignore', 'ignore_ament_install']
[0.554s] Level 1:colcon.colcon_core.package_identification:_identify(/home/pedromatumoto/athome/ros2_ws/src/motor_controller) by extension 'ignore'
[0.554s] Level 1:colcon.colcon_core.package_identification:_identify(/home/pedromatumoto/athome/ros2_ws/src/motor_controller) by extension 'ignore_ament_install'
[0.555s] Level 1:colcon.colcon_core.package_identification:_identify(/home/pedromatumoto/athome/ros2_ws/src/motor_controller) by extensions ['colcon_pkg']
[0.555s] Level 1:colcon.colcon_core.package_identification:_identify(/home/pedromatumoto/athome/ros2_ws/src/motor_controller) by extension 'colcon_pkg'
[0.555s] Level 1:colcon.colcon_core.package_identification:_identify(/home/pedromatumoto/athome/ros2_ws/src/motor_controller) by extensions ['colcon_meta']
[0.555s] Level 1:colcon.colcon_core.package_identification:_identify(/home/pedromatumoto/athome/ros2_ws/src/motor_controller) by extension 'colcon_meta'
[0.555s] Level 1:colcon.colcon_core.package_identification:_identify(/home/pedromatumoto/athome/ros2_ws/src/motor_controller) by extensions ['ros']
[0.555s] Level 1:colcon.colcon_core.package_identification:_identify(/home/pedromatumoto/athome/ros2_ws/src/motor_controller) by extension 'ros'
[0.564s] DEBUG:colcon.colcon_core.package_identification:Package '/home/pedromatumoto/athome/ros2_ws/src/motor_controller' with type 'ros.ament_python' and name 'motor_controller'
[0.564s] Level 1:colcon.colcon_core.package_identification:_identify(/home/pedromatumoto/athome/ros2_ws/src/my_robot_controller) by extensions ['ignore', 'ignore_ament_install']
[0.564s] Level 1:colcon.colcon_core.package_identification:_identify(/home/pedromatumoto/athome/ros2_ws/src/my_robot_controller) by extension 'ignore'
[0.565s] Level 1:colcon.colcon_core.package_identification:_identify(/home/pedromatumoto/athome/ros2_ws/src/my_robot_controller) by extension 'ignore_ament_install'
[0.565s] Level 1:colcon.colcon_core.package_identification:_identify(/home/pedromatumoto/athome/ros2_ws/src/my_robot_controller) by extensions ['colcon_pkg']
[0.565s] Level 1:colcon.colcon_core.package_identification:_identify(/home/pedromatumoto/athome/ros2_ws/src/my_robot_controller) by extension 'colcon_pkg'
[0.565s] Level 1:colcon.colcon_core.package_identification:_identify(/home/pedromatumoto/athome/ros2_ws/src/my_robot_controller) by extensions ['colcon_meta']
[0.565s] Level 1:colcon.colcon_core.package_identification:_identify(/home/pedromatumoto/athome/ros2_ws/src/my_robot_controller) by extension 'colcon_meta'
[0.565s] Level 1:colcon.colcon_core.package_identification:_identify(/home/pedromatumoto/athome/ros2_ws/src/my_robot_controller) by extensions ['ros']
[0.565s] Level 1:colcon.colcon_core.package_identification:_identify(/home/pedromatumoto/athome/ros2_ws/src/my_robot_controller) by extension 'ros'
[0.567s] DEBUG:colcon.colcon_core.package_identification:Package '/home/pedromatumoto/athome/ros2_ws/src/my_robot_controller' with type 'ros.ament_python' and name 'my_robot_controller'
[0.567s] Level 1:colcon.colcon_core.package_discovery:discover_packages(recursive) using defaults
