running develop
running egg_info
creating motor_controller.egg-info
writing motor_controller.egg-info/PKG-INFO
writing dependency_links to motor_controller.egg-info/dependency_links.txt
writing entry points to motor_controller.egg-info/entry_points.txt
writing requirements to motor_controller.egg-info/requires.txt
writing top-level names to motor_controller.egg-info/top_level.txt
writing manifest file 'motor_controller.egg-info/SOURCES.txt'
reading manifest file 'motor_controller.egg-info/SOURCES.txt'
writing manifest file 'motor_controller.egg-info/SOURCES.txt'
running build_ext
Creating /home/pedromatumoto/ros2_ws/src/install/motor_controller/lib/python3.10/site-packages/motor-controller.egg-link (link to .)
Installing motor_controller script to /home/pedromatumoto/ros2_ws/src/install/motor_controller/lib/motor_controller

Installed /home/pedromatumoto/ros2_ws/src/build/motor_controller
running symlink_data
creating /home/pedromatumoto/ros2_ws/src/install/motor_controller/share/ament_index
creating /home/pedromatumoto/ros2_ws/src/install/motor_controller/share/ament_index/resource_index
error: can't copy '/home/pedromatumoto/ros2_ws/src/build/motor_controller/resource/motor_controller': doesn't exist or not a regular file
creating /home/pedromatumoto/ros2_ws/src/install/motor_controller/share/ament_index/resource_index/packages
