[0.694s] Invoking command in '/home/pedromatumoto/ros2_ws/src/build/my_robot_controller': PYTHONPATH=/home/pedromatumoto/ros2_ws/src/build/my_robot_controller/prefix_override:/usr/lib/python3/dist-packages/colcon_core/task/python/colcon_distutils_commands:/home/pedromatumoto/ros2_ws/src/install/my_robot_controller/lib/python3.10/site-packages:${PYTHONPATH} /usr/bin/python3 -W ignore:setup.py install is deprecated -W ignore:easy_install command is deprecated setup.py develop --editable --build-directory /home/pedromatumoto/ros2_ws/src/build/my_robot_controller/build --no-deps symlink_data
[0.914s] running develop
[1.046s] running egg_info
[1.046s] creating my_robot_controller.egg-info
[1.046s] writing my_robot_controller.egg-info/PKG-INFO
[1.047s] writing dependency_links to my_robot_controller.egg-info/dependency_links.txt
[1.047s] writing entry points to my_robot_controller.egg-info/entry_points.txt
[1.047s] writing requirements to my_robot_controller.egg-info/requires.txt
[1.047s] writing top-level names to my_robot_controller.egg-info/top_level.txt
[1.048s] writing manifest file 'my_robot_controller.egg-info/SOURCES.txt'
[1.048s] reading manifest file 'my_robot_controller.egg-info/SOURCES.txt'
[1.049s] writing manifest file 'my_robot_controller.egg-info/SOURCES.txt'
[1.050s] running build_ext
[1.050s] Creating /home/pedromatumoto/ros2_ws/src/install/my_robot_controller/lib/python3.10/site-packages/my-robot-controller.egg-link (link to .)
[1.051s] Installing my_first_node script to /home/pedromatumoto/ros2_ws/src/install/my_robot_controller/lib/my_robot_controller
[1.051s] 
[1.051s] Installed /home/pedromatumoto/ros2_ws/src/build/my_robot_controller
[1.051s] running symlink_data
[1.051s] creating /home/pedromatumoto/ros2_ws/src/install/my_robot_controller/share/ament_index
[1.051s] creating /home/pedromatumoto/ros2_ws/src/install/my_robot_controller/share/ament_index/resource_index
[1.052s] creating /home/pedromatumoto/ros2_ws/src/install/my_robot_controller/share/ament_index/resource_index/packages
[1.052s] symbolically linking /home/pedromatumoto/ros2_ws/src/build/my_robot_controller/resource/my_robot_controller -> /home/pedromatumoto/ros2_ws/src/install/my_robot_controller/share/ament_index/resource_index/packages
[1.052s] symbolically linking /home/pedromatumoto/ros2_ws/src/build/my_robot_controller/package.xml -> /home/pedromatumoto/ros2_ws/src/install/my_robot_controller/share/my_robot_controller
