[0.524s] Invoking command in '/home/pedromatumoto/ros2_ws/src/motor_controller': PYTHONPATH=/home/pedromatumoto/ros2_ws/build/motor_controller/prefix_override:/usr/lib/python3/dist-packages/colcon_core/task/python/colcon_distutils_commands:/home/pedromatumoto/ros2_ws/install/motor_controller/lib/python3.10/site-packages:${PYTHONPATH} /usr/bin/python3 -W ignore:setup.py install is deprecated -W ignore:easy_install command is deprecated setup.py egg_info --egg-base ../../build/motor_controller build --build-base /home/pedromatumoto/ros2_ws/build/motor_controller/build install --record /home/pedromatumoto/ros2_ws/build/motor_controller/install.log --single-version-externally-managed install_data
[0.731s] running egg_info
[0.732s] creating ../../build/motor_controller/motor_controller.egg-info
[0.732s] writing ../../build/motor_controller/motor_controller.egg-info/PKG-INFO
[0.732s] writing dependency_links to ../../build/motor_controller/motor_controller.egg-info/dependency_links.txt
[0.733s] writing entry points to ../../build/motor_controller/motor_controller.egg-info/entry_points.txt
[0.733s] writing requirements to ../../build/motor_controller/motor_controller.egg-info/requires.txt
[0.733s] writing top-level names to ../../build/motor_controller/motor_controller.egg-info/top_level.txt
[0.733s] writing manifest file '../../build/motor_controller/motor_controller.egg-info/SOURCES.txt'
[0.734s] reading manifest file '../../build/motor_controller/motor_controller.egg-info/SOURCES.txt'
[0.735s] writing manifest file '../../build/motor_controller/motor_controller.egg-info/SOURCES.txt'
[0.735s] running build
[0.735s] running build_py
[0.736s] creating /home/pedromatumoto/ros2_ws/build/motor_controller/build
[0.736s] creating /home/pedromatumoto/ros2_ws/build/motor_controller/build/lib
[0.736s] creating /home/pedromatumoto/ros2_ws/build/motor_controller/build/lib/motor_controller
[0.736s] copying motor_controller/__init__.py -> /home/pedromatumoto/ros2_ws/build/motor_controller/build/lib/motor_controller
[0.736s] copying motor_controller/motor_controller.py -> /home/pedromatumoto/ros2_ws/build/motor_controller/build/lib/motor_controller
[0.736s] running install
[0.736s] running install_lib
[0.737s] creating /home/pedromatumoto/ros2_ws/install/motor_controller/lib/python3.10/site-packages/motor_controller
[0.738s] copying /home/pedromatumoto/ros2_ws/build/motor_controller/build/lib/motor_controller/__init__.py -> /home/pedromatumoto/ros2_ws/install/motor_controller/lib/python3.10/site-packages/motor_controller
[0.738s] copying /home/pedromatumoto/ros2_ws/build/motor_controller/build/lib/motor_controller/motor_controller.py -> /home/pedromatumoto/ros2_ws/install/motor_controller/lib/python3.10/site-packages/motor_controller
[0.738s] byte-compiling /home/pedromatumoto/ros2_ws/install/motor_controller/lib/python3.10/site-packages/motor_controller/__init__.py to __init__.cpython-310.pyc
[0.738s] byte-compiling /home/pedromatumoto/ros2_ws/install/motor_controller/lib/python3.10/site-packages/motor_controller/motor_controller.py to motor_controller.cpython-310.pyc
[0.739s] running install_data
[0.739s] creating /home/pedromatumoto/ros2_ws/install/motor_controller/share/ament_index
[0.739s] creating /home/pedromatumoto/ros2_ws/install/motor_controller/share/ament_index/resource_index
[0.739s] creating /home/pedromatumoto/ros2_ws/install/motor_controller/share/ament_index/resource_index/packages
[0.740s] copying resource/motor_controller -> /home/pedromatumoto/ros2_ws/install/motor_controller/share/ament_index/resource_index/packages
[0.740s] copying package.xml -> /home/pedromatumoto/ros2_ws/install/motor_controller/share/motor_controller
[0.740s] running install_egg_info
[0.741s] Copying ../../build/motor_controller/motor_controller.egg-info to /home/pedromatumoto/ros2_ws/install/motor_controller/lib/python3.10/site-packages/motor_controller-0.0.0-py3.10.egg-info
[0.742s] running install_scripts
[0.761s] Installing motor_controller script to /home/pedromatumoto/ros2_ws/install/motor_controller/lib/motor_controller
[0.761s] writing list of installed files to '/home/pedromatumoto/ros2_ws/build/motor_controller/install.log'
[0.782s] Invoked command in '/home/pedromatumoto/ros2_ws/src/motor_controller' returned '0': PYTHONPATH=/home/pedromatumoto/ros2_ws/build/motor_controller/prefix_override:/usr/lib/python3/dist-packages/colcon_core/task/python/colcon_distutils_commands:/home/pedromatumoto/ros2_ws/install/motor_controller/lib/python3.10/site-packages:${PYTHONPATH} /usr/bin/python3 -W ignore:setup.py install is deprecated -W ignore:easy_install command is deprecated setup.py egg_info --egg-base ../../build/motor_controller build --build-base /home/pedromatumoto/ros2_ws/build/motor_controller/build install --record /home/pedromatumoto/ros2_ws/build/motor_controller/install.log --single-version-externally-managed install_data
